<?xml version="1.0" encoding="UTF-8"?>
<testng-results ignored="0" total="2" passed="2" failed="0" skipped="0">
  <reporter-output>
  </reporter-output>
  <suite started-at="2024-07-08T23:33:52 IST" name="Default suite" finished-at="2024-07-08T23:33:59 IST" duration-ms="6306">
    <groups>
    </groups>
    <test started-at="2024-07-08T23:33:52 IST" name="Default test" finished-at="2024-07-08T23:33:59 IST" duration-ms="6306">
      <class name="FisrtRestAssuredTest">
        <test-method signature="createUser()[pri:0, instance:FisrtRestAssuredTest@73ee04c8]" started-at="2024-07-08T23:33:52 IST" name="createUser" finished-at="2024-07-08T23:33:58 IST" duration-ms="5912" status="PASS">
          <reporter-output>
          </reporter-output>
        </test-method> <!-- createUser -->
        <test-method signature="getUser()[pri:0, instance:FisrtRestAssuredTest@73ee04c8]" started-at="2024-07-08T23:33:58 IST" name="getUser" finished-at="2024-07-08T23:33:59 IST" duration-ms="328" status="PASS">
          <reporter-output>
          </reporter-output>
        </test-method> <!-- getUser -->
      </class> <!-- FisrtRestAssuredTest -->
    </test> <!-- Default test -->
  </suite> <!-- Default suite -->
</testng-results>
