<?xml version="1.0" encoding="UTF-8"?>
<testng-results ignored="0" total="1" passed="1" failed="0" skipped="0">
  <reporter-output>
  </reporter-output>
  <suite started-at="2024-06-23T20:30:22 IST" name="Default suite" finished-at="2024-06-23T20:30:33 IST" duration-ms="11521">
    <groups>
    </groups>
    <test started-at="2024-06-23T20:30:22 IST" name="Default test" finished-at="2024-06-23T20:30:33 IST" duration-ms="11521">
      <class name="selenium.TestNGTest">
        <test-method signature="test()[pri:0, instance:selenium.TestNGTest@4b45a2f5]" started-at="2024-06-23T20:30:22 IST" name="test" finished-at="2024-06-23T20:30:33 IST" duration-ms="11427" status="PASS">
          <reporter-output>
          </reporter-output>
        </test-method> <!-- test -->
      </class> <!-- selenium.TestNGTest -->
    </test> <!-- Default test -->
  </suite> <!-- Default suite -->
</testng-results>
