<?xml version="1.0" encoding="UTF-8"?>
<testng-results ignored="0" total="1" passed="1" failed="0" skipped="0">
  <reporter-output>
  </reporter-output>
  <suite started-at="2024-06-24T11:52:26 IST" name="Default suite" finished-at="2024-06-24T11:52:36 IST" duration-ms="9572">
    <groups>
    </groups>
    <test started-at="2024-06-24T11:52:26 IST" name="Default test" finished-at="2024-06-24T11:52:36 IST" duration-ms="9572">
      <class name="selemium.StaticTableFindValue">
        <test-method signature="selectperticularValue()[pri:0, instance:selemium.StaticTableFindValue@38cee291]" started-at="2024-06-24T11:52:26 IST" name="selectperticularValue" finished-at="2024-06-24T11:52:36 IST" duration-ms="9488" status="PASS">
          <reporter-output>
          </reporter-output>
        </test-method> <!-- selectperticularValue -->
      </class> <!-- selemium.StaticTableFindValue -->
    </test> <!-- Default test -->
  </suite> <!-- Default suite -->
</testng-results>
