<?xml version="1.0" encoding="UTF-8"?>
<testng-results ignored="0" total="1" passed="1" failed="0" skipped="0">
  <reporter-output>
  </reporter-output>
  <suite started-at="2024-07-10T15:15:33 IST" name="Default suite" finished-at="2024-07-10T15:15:44 IST" duration-ms="10565">
    <groups>
    </groups>
    <test started-at="2024-07-10T15:15:33 IST" name="Default test" finished-at="2024-07-10T15:15:44 IST" duration-ms="10565">
      <class name="SeleniumTest.SeleniumTest.AutoSuggestions">
        <test-method signature="selectValueFromDropdown()[pri:0, instance:SeleniumTest.SeleniumTest.AutoSuggestions@f09733f]" started-at="2024-07-10T15:15:34 IST" name="selectValueFromDropdown" finished-at="2024-07-10T15:15:44 IST" duration-ms="10377" status="PASS">
          <reporter-output>
          </reporter-output>
        </test-method> <!-- selectValueFromDropdown -->
      </class> <!-- SeleniumTest.SeleniumTest.AutoSuggestions -->
    </test> <!-- Default test -->
  </suite> <!-- Default suite -->
</testng-results>
